2025-04-07 19:20:46,421 - INFO - Configurando Chrome (Intento 1/3)...
2025-04-07 19:20:47,869 - INFO - Novela detectada: TheRunesmith
2025-04-07 19:20:47,870 - INFO - 
==================================================
Iniciando capÌtulo 1
==================================================
2025-04-07 19:21:02,011 - ERROR - FallÛ el procesamiento del primer capÌtulo
2025-04-07 19:34:30,553 - INFO - Configurando Chrome (Intento 1/3)...
2025-04-07 19:34:31,934 - INFO - Chrome configurado exitosamente
2025-04-07 19:34:31,934 - INFO - Novela detectada: TheRunesmith
2025-04-07 19:34:31,935 - INFO - 
==================================================
Iniciando cap√≠tulo 1
==================================================
2025-04-07 19:34:55,915 - INFO - Iniciando scroll sobre elemento (Altura: 3984px)
2025-04-07 19:35:19,613 - INFO - Scroll completado
2025-04-07 19:35:23,088 - INFO - Detecci√≥n de idioma: ESPA√ëOL (confianza: es)
2025-04-07 19:35:23,204 - INFO - Cap√≠tulo 1 guardado
2025-04-07 19:35:23,205 - INFO - Proceso completado exitosamente
2025-04-07 19:35:25,475 - INFO - Navegador cerrado
2025-04-07 19:36:15,806 - INFO - Configurando Chrome (Intento 1/3)...
2025-04-07 19:36:17,174 - INFO - Chrome configurado exitosamente
2025-04-07 19:36:17,174 - INFO - Novela detectada: TheRunesmith
2025-04-07 19:36:17,175 - INFO - 
==================================================
Iniciando cap√≠tulo 1
==================================================
2025-04-07 19:36:40,974 - INFO - Iniciando scroll sobre elemento (Altura: 3984px)
2025-04-07 19:37:04,757 - INFO - Scroll completado
2025-04-07 19:37:08,137 - INFO - Detecci√≥n de idioma: ESPA√ëOL (confianza: es)
2025-04-07 19:37:08,194 - INFO - Cap√≠tulo 1 guardado
2025-04-07 19:37:08,194 - INFO - Proceso completado exitosamente
2025-04-07 19:37:10,442 - INFO - Navegador cerrado
2025-04-07 19:37:52,353 - INFO - Configurando Chrome (Intento 1/3)...
2025-04-07 19:37:53,729 - INFO - Chrome configurado exitosamente
2025-04-07 19:37:53,729 - INFO - Novela detectada: TheRunesmith
2025-04-07 19:37:53,730 - INFO - 
==================================================
Iniciando cap√≠tulo 1
==================================================
2025-04-07 19:38:08,030 - INFO - Iniciando scroll sobre elemento (Altura: 3984px)
2025-04-07 19:38:31,474 - INFO - Scroll completado
2025-04-07 19:38:34,884 - INFO - Detecci√≥n de idioma: ESPA√ëOL (confianza: es)
2025-04-07 19:38:34,939 - INFO - Cap√≠tulo 1 guardado
2025-04-07 19:38:34,939 - INFO - Proceso completado exitosamente
2025-04-07 19:38:37,189 - INFO - Navegador cerrado
